[35m[Appium][39m Welcome to Appium v1.22.3
[35m[Appium][39m Non-default server args:
[35m[Appium][39m   port: 61789
[35m[Appium][39m   loglevel: info
[35m[Appium][39m   tmpDir: C:\Users\user\AppData\Local\Temp\\Katalon\Appium\Temp1677775376958
[35m[Appium][39m   chromedriverPort: 61790
[35m[Appium][39m Deprecated server args:
[35m[Appium][39m   [31m--chromedriver-port[39m => --default-capabilities
[35m[Appium][39m Default capabilities, which will be added to each request unless overridden by desired capabilities:
[35m[Appium][39m   chromedriverPort: 61790
[35m[Appium][39m Appium REST http interface listener started on 0.0.0.0:61789
[35m[HTTP][39m [37m-->[39m [37mGET[39m [37m/wd/hub/status[39m
[35m[HTTP][39m [90m{}[39m
[35m[HTTP][39m [37m<-- GET /wd/hub/status [39m[32m200[39m [90m5 ms - 68[39m
[35m[HTTP][39m [90m[39m
[35m[HTTP][39m [37m-->[39m [37mGET[39m [37m/wd/hub/status[39m
[35m[HTTP][39m [90m{}[39m
[35m[HTTP][39m [37m<-- GET /wd/hub/status [39m[32m200[39m [90m1 ms - 68[39m
[35m[HTTP][39m [90m[39m
[35m[HTTP][39m [37m-->[39m [37mPOST[39m [37m/wd/hub/session[39m
[35m[HTTP][39m [90m{"desiredCapabilities":{"app":"D:\\Data Arga\\PRIVATE\\Private\\Document\\Doc\\Dokumen Lamaran-Mohamad Arga\\Alfagift\\alfagift.apk","noReset":true,"deviceName":"Xiaomi M2103K19G (Android 12)","fullReset":false,"platform":"ANDROID","newCommandTimeout":1800,"platformVersion":"12","automationName":"uiautomator2","autoGrantPermissions":true,"platformName":"Android","udid":"eapr6lnrtwdy595x","systemPort":61794},"capabilities":{"firstMatch":[{"appium:app":"D:\\Data Arga\\PRIVATE\\Private\\Document\\Doc\\Dokumen Lamaran-Mohamad Arga\\Alfagift\\alfagift.apk","appium:autoGrantPermissions":true,"appium:automationName":"uiautomator2","appium:deviceName":"Xiaomi M2103K19G (Android 12)","appium:fullReset":false,"appium:newCommandTimeout":1800,"appium:noReset":true,"platform":"ANDROID","platformName":"android","appium:platformVersion":"12","appium:systemPort":61794,"appium:udid":"eapr6lnrtwdy595x"}]}}[39m
[35m[BaseDriver][39m The following capabilities are not standard capabilities and should have an extension prefix:
[35m[BaseDriver][39m   platform
[35m[BaseDriver][39m   chromedriverPort
[35m[Appium][39m Appium v1.22.3 creating new AndroidUiautomator2Driver (v1.70.1) session
[35m[BaseDriver][39m The following capabilities were provided, but are not recognized by Appium:
[35m[BaseDriver][39m   platform
[35m[BaseDriver][39m Session created with session id: 348b4dce-c719-4b23-9964-6d09bd9ca1a1
[35m[BaseDriver][39m Using local app 'D:\Data Arga\PRIVATE\Private\Document\Doc\Dokumen Lamaran-Mohamad Arga\Alfagift\alfagift.apk'
[35m[ADB][39m Found 1 'build-tools' folders under 'C:\Users\user\.katalon\tools\android_sdk' (newest first):
[35m[ADB][39m     C:/Users/user/.katalon/tools/android_sdk/build-tools/29.0.3
[35m[ADB][39m Using 'adb.exe' from 'C:\Users\user\.katalon\tools\android_sdk\platform-tools\adb.exe'
[35m[AndroidDriver][39m Retrieving device list
[35m[AndroidDriver][39m Using device: eapr6lnrtwdy595x
[35m[ADB][39m Using 'adb.exe' from 'C:\Users\user\.katalon\tools\android_sdk\platform-tools\adb.exe'
[35m[ADB][39m Getting device platform version
[35m[UiAutomator2][39m Relaxing hidden api policy
[35m[ADB][39m Package name: 'com.alfamart.alfagift'
[35m[ADB][39m Main activity name: 'com.alfamart.alfagift.screen.splash.SplashActivity'
[35m[ADB][39m Using 'apksigner.jar' from 'C:\Users\user\.katalon\tools\android_sdk\build-tools\29.0.3\lib\apksigner.jar'
[35m[ADB][39m 'C:\Users\user\AppData\Roaming\npm\node_modules\appium\node_modules\appium-uiautomator2-server\apks\appium-uiautomator2-server-v4.27.0.apk' is signed with the default certificate
[35m[ADB][39m 'C:\Users\user\AppData\Roaming\npm\node_modules\appium\node_modules\appium-uiautomator2-server\apks\appium-uiautomator2-server-debug-androidTest.apk' is signed with the default certificate
[35m[UiAutomator2][39m Server packages are not going to be (re)installed
[35m[ADB][39m Adding packages ["io.appium.settings","io.appium.uiautomator2.server","io.appium.uiautomator2.server.test"] to Doze whitelist
[35m[ADB][39m 'D:\Data Arga\PRIVATE\Private\Document\Doc\Dokumen Lamaran-Mohamad Arga\Alfagift\alfagift.apk' is signed with a non-default certificate
[35m[ADB][39m The application at 'D:\Data Arga\PRIVATE\Private\Document\Doc\Dokumen Lamaran-Mohamad Arga\Alfagift\alfagift.apk' will not be cached, because the device under test has confirmed the support of streamed installs
[35m[ADB][39m The installation of 'alfagift.apk' took 7057ms
[35m[UiAutomator2][39m Starting UIAutomator2 server 4.27.0
[35m[UiAutomator2][39m Using UIAutomator2 server from 'C:\Users\user\AppData\Roaming\npm\node_modules\appium\node_modules\appium-uiautomator2-server\apks\appium-uiautomator2-server-v4.27.0.apk' and test from 'C:\Users\user\AppData\Roaming\npm\node_modules\appium\node_modules\appium-uiautomator2-server\apks\appium-uiautomator2-server-debug-androidTest.apk'
[35m[UiAutomator2][39m Waiting up to 30000ms for UiAutomator2 to be online...
[35m[WD Proxy][39m socket hang up
[35m[WD Proxy][39m socket hang up
[35m[WD Proxy][39m socket hang up
[35m[WD Proxy][39m socket hang up
[35m[WD Proxy][39m socket hang up
[35m[WD Proxy][39m socket hang up
[35m[WD Proxy][39m Determined the downstream protocol as 'W3C'
[35m[AndroidDriver][39m Screen already unlocked, doing nothing
[35m[UiAutomator2][39m Starting 'com.alfamart.alfagift/com.alfamart.alfagift.screen.splash.SplashActivity and waiting for 'com.alfamart.alfagift/com.alfamart.alfagift.screen.splash.SplashActivity'
[35m[Appium][39m New AndroidUiautomator2Driver session created successfully, session 348b4dce-c719-4b23-9964-6d09bd9ca1a1 added to master session list
[35m[HTTP][39m [37m<-- POST /wd/hub/session [39m[32m200[39m [90m20614 ms - 1378[39m
[35m[HTTP][39m [90m[39m
[35m[HTTP][39m [37m-->[39m [37mGET[39m [37m/wd/hub/session/348b4dce-c719-4b23-9964-6d09bd9ca1a1[39m
[35m[HTTP][39m [90m{}[39m
[35m[HTTP][39m [37m<-- GET /wd/hub/session/348b4dce-c719-4b23-9964-6d09bd9ca1a1 [39m[32m200[39m [90m15 ms - 1332[39m
[35m[HTTP][39m [90m[39m
[35m[HTTP][39m [37m-->[39m [37mGET[39m [37m/wd/hub/session/348b4dce-c719-4b23-9964-6d09bd9ca1a1[39m
[35m[HTTP][39m [90m{}[39m
[35m[HTTP][39m [37m<-- GET /wd/hub/session/348b4dce-c719-4b23-9964-6d09bd9ca1a1 [39m[32m200[39m [90m14 ms - 1332[39m
[35m[HTTP][39m [90m[39m
[35m[HTTP][39m [37m-->[39m [37mGET[39m [37m/wd/hub/status[39m
[35m[HTTP][39m [90m{}[39m
[35m[HTTP][39m [37m<-- GET /wd/hub/status [39m[32m200[39m [90m1 ms - 68[39m
[35m[HTTP][39m [90m[39m
[35m[HTTP][39m [37m-->[39m [37mPOST[39m [37m/wd/hub/session/348b4dce-c719-4b23-9964-6d09bd9ca1a1/timeouts[39m
[35m[HTTP][39m [90m{"implicit":60000}[39m
[35m[HTTP][39m [37m<-- POST /wd/hub/session/348b4dce-c719-4b23-9964-6d09bd9ca1a1/timeouts [39m[32m200[39m [90m3 ms - 14[39m
[35m[HTTP][39m [90m[39m
[35m[HTTP][39m [37m-->[39m [37mGET[39m [37m/wd/hub/session/348b4dce-c719-4b23-9964-6d09bd9ca1a1/source[39m
[35m[HTTP][39m [90m{}[39m
[35m[W3C (348b4dce)][39m Driver proxy active, passing request on via HTTP proxy
[35m[WD Proxy][39m Replacing sessionId b0243a4f-a928-453f-a880-557ba26c5cc1 with 348b4dce-c719-4b23-9964-6d09bd9ca1a1
[35m[HTTP][39m [37m<-- GET /wd/hub/session/348b4dce-c719-4b23-9964-6d09bd9ca1a1/source [39m[32m200[39m [90m776 ms - 4601[39m
[35m[HTTP][39m [90m[39m
[35m[HTTP][39m [37m-->[39m [37mGET[39m [37m/wd/hub/session/348b4dce-c719-4b23-9964-6d09bd9ca1a1/screenshot[39m
[35m[HTTP][39m [90m{}[39m
[35m[HTTP][39m [37m<-- GET /wd/hub/session/348b4dce-c719-4b23-9964-6d09bd9ca1a1/screenshot [39m[32m200[39m [90m436 ms - 99890[39m
[35m[HTTP][39m [90m[39m
[35m[HTTP][39m [37m-->[39m [37mGET[39m [37m/wd/hub/session/348b4dce-c719-4b23-9964-6d09bd9ca1a1/source[39m
[35m[HTTP][39m [90m{}[39m
[35m[W3C (348b4dce)][39m Driver proxy active, passing request on via HTTP proxy
[35m[WD Proxy][39m Replacing sessionId b0243a4f-a928-453f-a880-557ba26c5cc1 with 348b4dce-c719-4b23-9964-6d09bd9ca1a1
[35m[HTTP][39m [37m<-- GET /wd/hub/session/348b4dce-c719-4b23-9964-6d09bd9ca1a1/source [39m[32m200[39m [90m229 ms - 14270[39m
[35m[HTTP][39m [90m[39m
[35m[HTTP][39m [37m-->[39m [37mGET[39m [37m/wd/hub/session/348b4dce-c719-4b23-9964-6d09bd9ca1a1/screenshot[39m
[35m[HTTP][39m [90m{}[39m
[35m[HTTP][39m [37m<-- GET /wd/hub/session/348b4dce-c719-4b23-9964-6d09bd9ca1a1/screenshot [39m[32m200[39m [90m910 ms - 472660[39m
[35m[HTTP][39m [90m[39m
[35m[HTTP][39m [37m-->[39m [37mPOST[39m [37m/wd/hub/session/348b4dce-c719-4b23-9964-6d09bd9ca1a1/elements[39m
[35m[HTTP][39m [90m{"using":"xpath","value":"//*[@class = 'android.widget.TextView' and (@text = 'MASUK' or . = 'MASUK')]"}[39m
[35m[HTTP][39m [37m<-- POST /wd/hub/session/348b4dce-c719-4b23-9964-6d09bd9ca1a1/elements [39m[32m200[39m [90m717 ms - 139[39m
[35m[HTTP][39m [90m[39m
[35m[HTTP][39m [37m-->[39m [37mGET[39m [37m/wd/hub/session/348b4dce-c719-4b23-9964-6d09bd9ca1a1/source[39m
[35m[HTTP][39m [90m{}[39m
[35m[W3C (348b4dce)][39m Driver proxy active, passing request on via HTTP proxy
[35m[WD Proxy][39m Replacing sessionId b0243a4f-a928-453f-a880-557ba26c5cc1 with 348b4dce-c719-4b23-9964-6d09bd9ca1a1
[35m[HTTP][39m [37m<-- GET /wd/hub/session/348b4dce-c719-4b23-9964-6d09bd9ca1a1/source [39m[32m200[39m [90m515 ms - 73235[39m
[35m[HTTP][39m [90m[39m
[35m[HTTP][39m [37m-->[39m [37mGET[39m [37m/wd/hub/session/348b4dce-c719-4b23-9964-6d09bd9ca1a1/screenshot[39m
[35m[HTTP][39m [90m{}[39m
[35m[HTTP][39m [37m<-- GET /wd/hub/session/348b4dce-c719-4b23-9964-6d09bd9ca1a1/screenshot [39m[32m200[39m [90m1389 ms - 1587884[39m
[35m[HTTP][39m [90m[39m
